{
  "Cucumber Features": {
    "coverage": {
      "/home/ec2-user/environment/Cord-Cutting-Calculator/app/controllers/users_controller.rb": [
        1,
        1,
        null,
        1,
        1,
        1,
        1,
        null,
        null,
        null,
        1,
        1,
        null,
        null,
        null,
        null,
        1,
        26,
        26,
        26,
        0,
        null,
        26,
        26,
        26,
        0,
        null,
        26,
        26,
        26,
        0,
        null,
        26,
        null,
        null,
        null,
        1,
        9,
        null,
        null,
        null,
        1,
        3,
        null,
        null,
        null,
        null,
        1,
        9,
        null,
        9,
        9,
        9,
        9,
        9,
        null,
        0,
        null,
        null,
        null,
        null,
        null,
        null,
        1,
        2,
        2,
        2,
        null,
        0,
        null,
        null,
        null,
        null,
        null,
        1,
        0,
        0,
        0,
        null,
        0,
        0,
        0,
        0,
        0,
        0,
        null,
        null,
        null,
        1,
        1,
        1,
        1,
        1,
        1,
        1,
        0,
        0,
        0,
        0,
        0,
        0,
        null,
        null,
        1,
        1,
        null,
        null,
        1,
        0,
        null,
        null,
        1,
        0,
        0,
        0,
        0,
        0,
        0,
        0,
        null,
        0,
        0,
        null,
        null,
        0,
        0,
        null,
        null,
        null,
        null,
        null,
        0,
        null,
        null,
        1,
        null,
        1,
        32,
        null,
        null,
        null,
        1,
        9,
        null,
        null,
        1,
        32,
        0,
        0,
        0,
        null,
        null,
        null,
        1,
        1,
        0,
        null,
        null,
        null,
        1,
        32,
        32,
        null,
        null
      ],
      "/home/ec2-user/environment/Cord-Cutting-Calculator/app/controllers/application_controller.rb": [
        1,
        1,
        1,
        null
      ],
      "/home/ec2-user/environment/Cord-Cutting-Calculator/app/helpers/application_helper.rb": [
        1,
        null
      ],
      "/home/ec2-user/environment/Cord-Cutting-Calculator/app/helpers/antennas_helper.rb": [
        1,
        null
      ],
      "/home/ec2-user/environment/Cord-Cutting-Calculator/app/helpers/channels_helper.rb": [
        1,
        null
      ],
      "/home/ec2-user/environment/Cord-Cutting-Calculator/app/helpers/devices_helper.rb": [
        1,
        null
      ],
      "/home/ec2-user/environment/Cord-Cutting-Calculator/app/helpers/own_boxes_helper.rb": [
        1,
        null
      ],
      "/home/ec2-user/environment/Cord-Cutting-Calculator/app/helpers/own_devices_helper.rb": [
        1,
        null
      ],
      "/home/ec2-user/environment/Cord-Cutting-Calculator/app/helpers/packages_helper.rb": [
        1,
        null
      ],
      "/home/ec2-user/environment/Cord-Cutting-Calculator/app/helpers/provide_channels_helper.rb": [
        1,
        null
      ],
      "/home/ec2-user/environment/Cord-Cutting-Calculator/app/helpers/sessions_helper.rb": [
        1,
        null,
        1,
        18,
        null,
        null,
        1,
        0,
        0,
        0,
        null,
        null,
        1,
        594,
        553,
        41,
        0,
        0,
        0,
        0,
        null,
        null,
        null,
        null,
        1,
        243,
        null,
        null,
        1,
        9,
        9,
        9,
        null,
        null,
        1,
        0,
        0,
        0,
        null,
        null,
        1,
        205,
        null,
        null,
        1,
        9,
        9,
        null,
        null,
        1,
        0,
        null,
        null
      ],
      "/home/ec2-user/environment/Cord-Cutting-Calculator/app/helpers/set_top_boxes_helper.rb": [
        1,
        null
      ],
      "/home/ec2-user/environment/Cord-Cutting-Calculator/app/helpers/users_helper.rb": [
        1,
        null,
        1,
        0,
        0,
        0,
        null,
        0,
        0,
        0,
        null,
        0,
        0,
        0,
        null,
        null,
        0,
        0,
        0,
        0,
        0,
        0,
        null,
        0,
        null,
        0,
        0,
        0,
        null,
        0,
        0,
        null,
        null
      ],
      "/home/ec2-user/environment/Cord-Cutting-Calculator/app/models/user.rb": [
        1,
        null,
        1,
        1,
        null,
        null,
        1,
        1,
        null,
        null,
        1,
        1,
        null,
        null,
        1,
        1,
        null,
        null,
        1,
        1,
        null,
        null,
        1,
        1,
        null,
        1,
        null,
        1,
        0,
        null,
        0,
        null,
        null,
        1,
        0,
        null,
        null,
        1,
        0,
        0,
        null,
        null,
        1,
        0,
        0,
        null,
        null,
        1,
        9,
        null,
        null,
        1,
        0,
        0,
        0,
        null,
        null,
        null,
        null,
        null
      ],
      "/home/ec2-user/environment/Cord-Cutting-Calculator/app/models/application_record.rb": [
        1,
        1,
        null
      ],
      "/home/ec2-user/environment/Cord-Cutting-Calculator/app/models/antenna.rb": [
        1,
        1,
        1,
        null,
        1,
        1,
        1,
        0,
        null,
        null,
        null,
        1,
        0,
        0,
        null,
        null,
        null,
        1,
        0,
        0,
        null,
        0,
        0,
        0,
        0,
        0,
        null,
        0,
        0,
        0,
        null,
        null,
        0,
        0,
        null,
        null
      ],
      "/home/ec2-user/environment/Cord-Cutting-Calculator/app/models/own_device.rb": [
        1,
        1,
        1,
        null,
        1,
        0,
        0,
        0,
        null,
        null,
        null,
        1,
        0,
        0,
        null,
        null,
        null
      ],
      "/home/ec2-user/environment/Cord-Cutting-Calculator/app/models/own_box.rb": [
        1,
        1,
        1,
        null,
        1,
        0,
        0,
        0,
        null,
        null,
        null,
        1,
        0,
        0,
        null,
        null,
        null
      ],
      "/home/ec2-user/environment/Cord-Cutting-Calculator/app/controllers/sessions_controller.rb": [
        1,
        1,
        null,
        null,
        null,
        1,
        10,
        10,
        9,
        9,
        9,
        9,
        null,
        1,
        1,
        null,
        null,
        null,
        1,
        0,
        0,
        null,
        null
      ],
      "/home/ec2-user/environment/Cord-Cutting-Calculator/app/models/channel.rb": [
        1,
        null,
        1,
        null,
        null,
        1,
        null,
        null,
        1,
        null,
        null,
        1,
        null
      ],
      "/home/ec2-user/environment/Cord-Cutting-Calculator/app/models/package.rb": [
        1,
        null,
        1,
        1,
        null,
        null,
        1,
        1,
        null,
        null,
        1,
        1,
        null,
        null,
        1,
        null
      ],
      "/home/ec2-user/environment/Cord-Cutting-Calculator/app/models/device.rb": [
        1,
        null,
        1,
        null,
        null,
        1,
        null,
        null,
        1,
        null
      ],
      "/home/ec2-user/environment/Cord-Cutting-Calculator/app/models/set_top_box.rb": [
        1,
        null,
        1,
        null,
        null,
        1,
        null,
        null,
        1,
        null
      ],
      "/home/ec2-user/environment/Cord-Cutting-Calculator/app/controllers/packages_controller.rb": [
        1,
        1,
        1,
        1,
        1,
        null,
        null,
        1,
        11,
        null,
        null,
        null,
        null,
        1,
        null,
        null,
        null,
        1,
        6,
        null,
        null,
        null,
        1,
        null,
        null,
        null,
        null,
        1,
        7,
        null,
        7,
        6,
        6,
        0,
        null,
        6,
        0,
        null,
        6,
        0,
        null,
        6,
        6,
        null,
        1,
        null,
        null,
        null,
        null,
        null,
        1,
        1,
        1,
        1,
        1,
        0,
        null,
        1,
        0,
        null,
        1,
        0,
        null,
        1,
        1,
        1,
        null,
        0,
        null,
        null,
        null,
        null,
        null,
        1,
        0,
        0,
        0,
        0,
        0,
        0,
        null,
        null,
        1,
        1,
        null,
        null,
        1,
        1,
        1,
        1,
        null,
        null,
        1,
        null,
        1,
        13,
        null,
        null,
        1,
        14,
        14,
        14,
        0,
        null,
        14,
        14,
        0,
        null,
        14,
        14,
        0,
        null,
        null,
        null,
        1,
        27,
        27,
        27,
        null,
        null,
        1,
        8,
        null,
        null,
        1,
        26,
        0,
        null,
        null,
        null,
        null
      ],
      "/home/ec2-user/environment/Cord-Cutting-Calculator/app/models/provide_channel.rb": [
        1,
        1,
        1,
        null,
        null,
        null,
        null,
        null,
        null,
        null,
        null,
        1,
        1,
        1,
        0,
        null,
        null,
        null,
        null,
        null,
        null,
        null,
        null,
        null,
        1,
        0,
        0,
        null,
        null,
        null,
        null
      ],
      "/home/ec2-user/environment/Cord-Cutting-Calculator/app/models/support_device.rb": [
        1,
        1,
        1,
        null,
        1,
        1,
        1,
        0,
        null,
        null,
        null,
        null,
        1,
        0,
        0,
        null,
        null,
        null,
        null
      ],
      "/home/ec2-user/environment/Cord-Cutting-Calculator/app/models/support_box.rb": [
        1,
        1,
        1,
        null,
        1,
        1,
        1,
        0,
        null,
        null,
        null,
        1,
        0,
        0,
        null,
        null,
        null
      ],
      "/home/ec2-user/environment/Cord-Cutting-Calculator/app/controllers/pages_controller.rb": [
        1,
        null,
        1,
        null,
        null,
        null,
        null
      ],
      "/home/ec2-user/environment/Cord-Cutting-Calculator/app/controllers/channels_controller.rb": [
        1,
        1,
        1,
        null,
        null,
        null,
        1,
        1,
        null,
        null,
        null,
        null,
        1,
        null,
        null,
        null,
        1,
        0,
        null,
        null,
        null,
        1,
        null,
        null,
        null,
        null,
        1,
        0,
        null,
        0,
        0,
        0,
        null,
        0,
        null,
        null,
        null,
        null,
        null,
        1,
        1,
        1,
        1,
        null,
        0,
        null,
        null,
        null,
        null,
        null,
        1,
        0,
        0,
        0,
        0,
        0,
        0,
        null,
        null,
        1,
        null,
        1,
        7,
        null,
        null,
        null,
        1,
        1,
        null,
        null,
        1,
        9,
        0,
        null,
        null,
        null
      ],
      "/home/ec2-user/environment/Cord-Cutting-Calculator/app/controllers/devices_controller.rb": [
        1,
        1,
        1,
        null,
        null,
        null,
        1,
        1,
        null,
        null,
        null,
        null,
        1,
        null,
        null,
        null,
        1,
        0,
        null,
        null,
        null,
        1,
        null,
        null,
        null,
        null,
        1,
        0,
        null,
        0,
        0,
        0,
        null,
        0,
        null,
        null,
        null,
        null,
        null,
        1,
        0,
        0,
        0,
        null,
        0,
        null,
        null,
        null,
        null,
        null,
        1,
        0,
        0,
        0,
        0,
        0,
        null,
        null,
        1,
        null,
        1,
        0,
        null,
        null,
        null,
        1,
        0,
        null,
        null,
        1,
        1,
        0,
        null,
        null,
        null
      ],
      "/home/ec2-user/environment/Cord-Cutting-Calculator/app/controllers/antennas_controller.rb": [
        1,
        1,
        null,
        1,
        3,
        3,
        3,
        0,
        null,
        3,
        3,
        3,
        0,
        null,
        null,
        null,
        1,
        1,
        1,
        1,
        1,
        null,
        0,
        0,
        null,
        null,
        null,
        1,
        1,
        4,
        0,
        0,
        0,
        null,
        null,
        null,
        1,
        4,
        4,
        null,
        null
      ],
      "/home/ec2-user/environment/Cord-Cutting-Calculator/app/models/perference.rb": [
        1,
        1,
        1,
        null,
        1,
        null,
        1,
        0,
        0,
        0,
        null,
        null,
        null,
        1,
        0,
        0,
        0,
        null,
        null,
        0,
        0,
        0,
        null,
        null,
        0,
        0,
        0,
        null,
        null,
        null,
        null,
        1,
        0,
        0,
        null,
        0,
        0,
        null,
        0,
        0,
        null,
        0,
        null,
        null,
        null,
        1,
        null,
        0,
        null,
        0,
        null,
        0,
        0,
        0,
        0,
        0,
        null,
        null,
        0,
        0,
        0,
        null,
        null,
        null,
        null,
        0,
        0,
        0,
        0,
        null,
        0,
        null,
        null,
        0,
        0,
        0,
        null,
        0,
        0,
        0,
        null,
        null,
        null,
        0,
        null,
        0,
        0,
        0,
        0,
        0,
        null,
        0,
        null,
        null,
        null,
        0,
        0,
        null,
        0,
        null,
        null,
        null,
        1,
        null,
        0,
        0,
        0,
        null,
        0,
        null,
        0,
        0,
        null,
        null,
        0,
        0,
        0,
        null,
        0,
        null,
        null,
        null,
        1,
        null,
        0,
        0,
        0,
        0,
        0,
        null,
        0,
        0,
        null,
        null,
        null,
        0,
        null,
        0,
        null,
        null,
        0,
        0,
        0,
        null,
        0,
        null,
        null,
        0,
        0,
        0,
        0,
        0,
        null,
        0,
        0,
        0,
        null,
        0,
        0,
        null,
        0,
        0,
        null,
        0,
        0,
        0,
        null,
        null,
        null,
        null,
        0,
        0,
        null,
        null,
        null,
        0,
        0,
        0,
        0,
        null,
        0,
        null,
        0,
        0,
        null,
        0,
        null,
        0,
        0,
        0,
        null,
        0,
        null,
        null,
        0,
        0,
        0,
        0,
        0,
        0,
        0,
        0,
        0,
        0,
        null,
        null,
        0,
        0,
        0,
        0,
        null,
        null,
        0,
        0,
        0,
        0,
        null,
        null,
        0,
        null,
        null,
        null,
        null,
        null,
        null,
        0,
        null,
        null,
        0,
        0,
        null,
        null
      ],
      "/home/ec2-user/environment/Cord-Cutting-Calculator/app/controllers/own_devices_controller.rb": [
        0,
        0,
        null,
        null,
        0,
        null,
        0,
        0,
        0,
        0,
        0,
        null,
        0,
        0,
        0,
        0,
        0,
        0,
        null,
        0,
        0,
        0,
        0,
        0,
        0,
        0,
        0,
        0,
        0,
        null,
        0,
        0,
        0,
        0,
        0,
        0,
        0,
        0,
        null,
        0,
        0,
        0,
        0,
        0
      ],
      "/home/ec2-user/environment/Cord-Cutting-Calculator/app/controllers/own_boxes_controller.rb": [
        0,
        0,
        null,
        0,
        0,
        0,
        0,
        0,
        0,
        0,
        0,
        0,
        0,
        0,
        0,
        null,
        0,
        0,
        0,
        0,
        0,
        0,
        0,
        0,
        0,
        0,
        null,
        0,
        0,
        0,
        0,
        0,
        0,
        0,
        0,
        null,
        0,
        0,
        0,
        0,
        0
      ],
      "/home/ec2-user/environment/Cord-Cutting-Calculator/app/controllers/set_top_boxes_controller.rb": [
        0,
        0,
        0,
        null,
        null,
        null,
        0,
        0,
        0,
        null,
        null,
        null,
        0,
        0,
        null,
        null,
        0,
        0,
        0,
        null,
        null,
        0,
        0,
        null,
        null,
        null,
        0,
        0,
        0,
        0,
        0,
        0,
        0,
        0,
        0,
        null,
        null,
        null,
        0,
        0,
        0,
        0,
        0,
        0,
        0,
        0,
        null,
        null,
        null,
        0,
        0,
        0,
        0,
        0,
        0,
        0,
        null,
        0,
        null,
        0,
        0,
        0,
        null,
        null,
        0,
        0,
        0,
        null,
        0,
        0,
        0,
        0,
        0,
        0
      ],
      "/home/ec2-user/environment/Cord-Cutting-Calculator/app/mailers/application_mailer.rb": [
        0,
        0,
        0,
        0
      ],
      "/home/ec2-user/environment/Cord-Cutting-Calculator/app/jobs/application_job.rb": [
        0,
        0
      ],
      "/home/ec2-user/environment/Cord-Cutting-Calculator/app/channels/application_cable/connection.rb": [
        0,
        0,
        0,
        0
      ],
      "/home/ec2-user/environment/Cord-Cutting-Calculator/app/channels/application_cable/channel.rb": [
        0,
        0,
        0,
        0
      ]
    },
    "timestamp": 1556297557
  },
  "RSpec": {
    "coverage": {
      "/home/ec2-user/environment/Cord-Cutting-Calculator/app/helpers/antennas_helper.rb": [
        1,
        null
      ],
      "/home/ec2-user/environment/Cord-Cutting-Calculator/app/helpers/application_helper.rb": [
        1,
        null
      ],
      "/home/ec2-user/environment/Cord-Cutting-Calculator/app/helpers/channels_helper.rb": [
        1,
        null
      ],
      "/home/ec2-user/environment/Cord-Cutting-Calculator/app/helpers/devices_helper.rb": [
        1,
        null
      ],
      "/home/ec2-user/environment/Cord-Cutting-Calculator/app/helpers/own_boxes_helper.rb": [
        1,
        null
      ],
      "/home/ec2-user/environment/Cord-Cutting-Calculator/app/helpers/own_devices_helper.rb": [
        1,
        null
      ],
      "/home/ec2-user/environment/Cord-Cutting-Calculator/app/helpers/packages_helper.rb": [
        1,
        null
      ],
      "/home/ec2-user/environment/Cord-Cutting-Calculator/app/helpers/provide_channels_helper.rb": [
        1,
        null
      ],
      "/home/ec2-user/environment/Cord-Cutting-Calculator/app/helpers/sessions_helper.rb": [
        1,
        null,
        1,
        1,
        null,
        null,
        1,
        0,
        0,
        0,
        null,
        null,
        1,
        41,
        40,
        1,
        0,
        0,
        0,
        0,
        null,
        null,
        null,
        null,
        1,
        9,
        null,
        null,
        1,
        1,
        1,
        1,
        null,
        null,
        1,
        1,
        1,
        1,
        null,
        null,
        1,
        24,
        null,
        null,
        1,
        0,
        0,
        null,
        null,
        1,
        0,
        null,
        null
      ],
      "/home/ec2-user/environment/Cord-Cutting-Calculator/app/helpers/set_top_boxes_helper.rb": [
        1,
        null
      ],
      "/home/ec2-user/environment/Cord-Cutting-Calculator/app/helpers/users_helper.rb": [
        1,
        null,
        1,
        0,
        0,
        0,
        null,
        0,
        0,
        0,
        null,
        0,
        0,
        0,
        null,
        null,
        0,
        0,
        0,
        0,
        0,
        0,
        null,
        0,
        null,
        0,
        0,
        0,
        null,
        0,
        0,
        null,
        null
      ],
      "/home/ec2-user/environment/Cord-Cutting-Calculator/app/controllers/antennas_controller.rb": [
        1,
        1,
        null,
        1,
        1,
        1,
        1,
        0,
        null,
        1,
        1,
        1,
        0,
        null,
        null,
        null,
        1,
        0,
        0,
        0,
        0,
        null,
        0,
        0,
        null,
        null,
        null,
        1,
        1,
        1,
        0,
        0,
        0,
        null,
        null,
        null,
        1,
        1,
        1,
        null,
        null
      ],
      "/home/ec2-user/environment/Cord-Cutting-Calculator/app/controllers/application_controller.rb": [
        1,
        1,
        1,
        null
      ],
      "/home/ec2-user/environment/Cord-Cutting-Calculator/app/controllers/channels_controller.rb": [
        1,
        1,
        1,
        null,
        null,
        null,
        1,
        1,
        null,
        null,
        null,
        null,
        1,
        null,
        null,
        null,
        1,
        1,
        null,
        null,
        null,
        1,
        null,
        null,
        null,
        null,
        1,
        1,
        null,
        1,
        1,
        1,
        null,
        0,
        null,
        null,
        null,
        null,
        null,
        1,
        2,
        1,
        1,
        null,
        1,
        null,
        null,
        null,
        null,
        null,
        1,
        1,
        1,
        1,
        1,
        1,
        1,
        null,
        null,
        1,
        null,
        1,
        5,
        null,
        null,
        null,
        1,
        3,
        null,
        null,
        1,
        6,
        0,
        null,
        null,
        null
      ],
      "/home/ec2-user/environment/Cord-Cutting-Calculator/app/controllers/devices_controller.rb": [
        1,
        1,
        1,
        null,
        null,
        null,
        1,
        1,
        null,
        null,
        null,
        null,
        1,
        null,
        null,
        null,
        1,
        1,
        null,
        null,
        null,
        1,
        null,
        null,
        null,
        null,
        1,
        1,
        null,
        1,
        1,
        1,
        null,
        0,
        null,
        null,
        null,
        null,
        null,
        1,
        2,
        1,
        1,
        null,
        1,
        null,
        null,
        null,
        null,
        null,
        1,
        1,
        1,
        1,
        1,
        1,
        null,
        null,
        1,
        null,
        1,
        5,
        null,
        null,
        null,
        1,
        3,
        null,
        null,
        1,
        6,
        0,
        null,
        null,
        null
      ],
      "/home/ec2-user/environment/Cord-Cutting-Calculator/app/controllers/own_boxes_controller.rb": [
        1,
        1,
        null,
        1,
        1,
        1,
        1,
        0,
        null,
        1,
        1,
        1,
        0,
        null,
        null,
        null,
        1,
        0,
        0,
        0,
        0,
        null,
        0,
        0,
        null,
        null,
        null,
        1,
        1,
        1,
        0,
        0,
        0,
        null,
        null,
        null,
        1,
        1,
        1,
        null,
        null
      ],
      "/home/ec2-user/environment/Cord-Cutting-Calculator/app/controllers/own_devices_controller.rb": [
        1,
        1,
        null,
        null,
        1,
        null,
        1,
        1,
        1,
        0,
        null,
        null,
        1,
        1,
        1,
        0,
        null,
        null,
        null,
        1,
        0,
        0,
        0,
        0,
        null,
        0,
        0,
        null,
        null,
        null,
        1,
        1,
        1,
        0,
        0,
        0,
        null,
        null,
        null,
        1,
        1,
        1,
        null,
        null
      ],
      "/home/ec2-user/environment/Cord-Cutting-Calculator/app/controllers/packages_controller.rb": [
        1,
        1,
        1,
        1,
        1,
        null,
        null,
        1,
        1,
        null,
        null,
        null,
        null,
        1,
        null,
        null,
        null,
        1,
        1,
        null,
        null,
        null,
        1,
        null,
        null,
        null,
        null,
        1,
        1,
        null,
        1,
        1,
        1,
        0,
        null,
        1,
        0,
        null,
        1,
        0,
        null,
        1,
        1,
        null,
        0,
        null,
        null,
        null,
        null,
        null,
        1,
        2,
        2,
        2,
        2,
        0,
        null,
        2,
        0,
        null,
        2,
        0,
        null,
        2,
        1,
        1,
        null,
        1,
        null,
        null,
        null,
        null,
        null,
        1,
        1,
        1,
        1,
        1,
        1,
        1,
        null,
        null,
        1,
        0,
        null,
        null,
        1,
        0,
        0,
        0,
        null,
        null,
        1,
        null,
        1,
        5,
        null,
        null,
        1,
        4,
        4,
        4,
        0,
        null,
        4,
        4,
        0,
        null,
        4,
        4,
        0,
        null,
        null,
        null,
        1,
        6,
        6,
        6,
        null,
        null,
        1,
        3,
        null,
        null,
        1,
        6,
        0,
        null,
        null,
        null,
        null
      ],
      "/home/ec2-user/environment/Cord-Cutting-Calculator/app/controllers/sessions_controller.rb": [
        1,
        1,
        null,
        null,
        null,
        1,
        0,
        0,
        0,
        0,
        0,
        0,
        null,
        0,
        0,
        null,
        null,
        null,
        1,
        2,
        2,
        null,
        null
      ],
      "/home/ec2-user/environment/Cord-Cutting-Calculator/app/controllers/set_top_boxes_controller.rb": [
        1,
        1,
        1,
        null,
        null,
        null,
        1,
        1,
        null,
        null,
        null,
        null,
        1,
        null,
        null,
        null,
        1,
        1,
        null,
        null,
        null,
        1,
        null,
        null,
        null,
        null,
        1,
        1,
        1,
        1,
        1,
        null,
        0,
        null,
        null,
        null,
        null,
        null,
        1,
        2,
        1,
        1,
        null,
        1,
        null,
        null,
        null,
        null,
        null,
        1,
        1,
        1,
        1,
        1,
        1,
        null,
        null,
        1,
        null,
        1,
        5,
        null,
        null,
        null,
        1,
        3,
        null,
        null,
        1,
        6,
        0,
        null,
        null,
        null
      ],
      "/home/ec2-user/environment/Cord-Cutting-Calculator/app/controllers/users_controller.rb": [
        1,
        1,
        null,
        1,
        1,
        1,
        1,
        null,
        null,
        null,
        1,
        0,
        null,
        null,
        null,
        null,
        1,
        1,
        1,
        1,
        0,
        null,
        1,
        1,
        1,
        0,
        null,
        1,
        1,
        1,
        0,
        null,
        1,
        null,
        null,
        null,
        1,
        0,
        null,
        null,
        null,
        1,
        1,
        null,
        null,
        null,
        null,
        1,
        2,
        null,
        2,
        1,
        1,
        1,
        1,
        null,
        1,
        null,
        null,
        null,
        null,
        null,
        null,
        1,
        1,
        1,
        1,
        null,
        0,
        null,
        null,
        null,
        null,
        null,
        1,
        1,
        0,
        0,
        null,
        1,
        1,
        1,
        1,
        1,
        1,
        null,
        null,
        null,
        1,
        0,
        0,
        0,
        0,
        0,
        0,
        0,
        0,
        0,
        0,
        0,
        0,
        null,
        null,
        0,
        0,
        null,
        null,
        1,
        0,
        null,
        null,
        1,
        0,
        0,
        0,
        0,
        0,
        0,
        0,
        null,
        0,
        0,
        null,
        null,
        0,
        0,
        null,
        null,
        null,
        null,
        null,
        0,
        null,
        null,
        1,
        null,
        1,
        4,
        null,
        null,
        null,
        1,
        2,
        null,
        null,
        1,
        4,
        0,
        0,
        0,
        null,
        null,
        null,
        1,
        0,
        0,
        null,
        null,
        null,
        1,
        4,
        4,
        null,
        null
      ],
      "/home/ec2-user/environment/Cord-Cutting-Calculator/app/models/antenna.rb": [
        1,
        1,
        1,
        null,
        1,
        0,
        0,
        0,
        null,
        null,
        null,
        1,
        0,
        0,
        null,
        null,
        null,
        1,
        0,
        0,
        null,
        0,
        0,
        0,
        0,
        0,
        null,
        0,
        0,
        0,
        null,
        null,
        0,
        0,
        null,
        null
      ],
      "/home/ec2-user/environment/Cord-Cutting-Calculator/app/models/application_record.rb": [
        1,
        1,
        null
      ],
      "/home/ec2-user/environment/Cord-Cutting-Calculator/app/models/channel.rb": [
        1,
        null,
        1,
        null,
        null,
        1,
        null,
        null,
        1,
        null,
        null,
        1,
        null
      ],
      "/home/ec2-user/environment/Cord-Cutting-Calculator/app/models/device.rb": [
        1,
        null,
        1,
        null,
        null,
        1,
        null,
        null,
        1,
        null
      ],
      "/home/ec2-user/environment/Cord-Cutting-Calculator/app/models/own_box.rb": [
        1,
        1,
        1,
        null,
        1,
        0,
        0,
        0,
        null,
        null,
        null,
        1,
        0,
        0,
        null,
        null,
        null
      ],
      "/home/ec2-user/environment/Cord-Cutting-Calculator/app/models/own_device.rb": [
        1,
        1,
        1,
        null,
        1,
        0,
        0,
        0,
        null,
        null,
        null,
        1,
        0,
        0,
        null,
        null,
        null
      ],
      "/home/ec2-user/environment/Cord-Cutting-Calculator/app/models/package.rb": [
        1,
        null,
        1,
        1,
        null,
        null,
        1,
        1,
        null,
        null,
        1,
        1,
        null,
        null,
        1,
        null
      ],
      "/home/ec2-user/environment/Cord-Cutting-Calculator/app/models/perference.rb": [
        1,
        1,
        1,
        null,
        1,
        null,
        1,
        0,
        0,
        0,
        null,
        null,
        null,
        1,
        0,
        0,
        0,
        null,
        null,
        0,
        0,
        0,
        null,
        null,
        0,
        0,
        0,
        null,
        null,
        null,
        null,
        1,
        0,
        0,
        null,
        0,
        0,
        null,
        0,
        0,
        null,
        0,
        null,
        null,
        null,
        1,
        null,
        0,
        null,
        0,
        null,
        0,
        0,
        0,
        0,
        0,
        null,
        null,
        0,
        0,
        0,
        null,
        null,
        null,
        null,
        0,
        0,
        0,
        0,
        null,
        0,
        null,
        null,
        0,
        0,
        0,
        null,
        0,
        0,
        0,
        null,
        null,
        null,
        0,
        null,
        0,
        0,
        0,
        0,
        0,
        null,
        0,
        null,
        null,
        null,
        0,
        0,
        null,
        0,
        null,
        null,
        null,
        1,
        null,
        0,
        0,
        0,
        null,
        0,
        null,
        0,
        0,
        null,
        null,
        0,
        0,
        0,
        null,
        0,
        null,
        null,
        null,
        1,
        null,
        0,
        0,
        0,
        0,
        0,
        null,
        0,
        0,
        null,
        null,
        null,
        0,
        null,
        0,
        null,
        null,
        0,
        0,
        0,
        null,
        0,
        null,
        null,
        0,
        0,
        0,
        0,
        0,
        null,
        0,
        0,
        0,
        null,
        0,
        0,
        null,
        0,
        0,
        null,
        0,
        0,
        0,
        null,
        null,
        null,
        null,
        0,
        0,
        null,
        null,
        null,
        0,
        0,
        0,
        0,
        null,
        0,
        null,
        0,
        0,
        null,
        0,
        null,
        0,
        0,
        0,
        null,
        0,
        null,
        null,
        0,
        0,
        0,
        0,
        0,
        0,
        0,
        0,
        0,
        0,
        null,
        null,
        0,
        0,
        0,
        0,
        null,
        null,
        0,
        0,
        0,
        0,
        null,
        null,
        0,
        null,
        null,
        null,
        null,
        null,
        null,
        0,
        null,
        null,
        0,
        0,
        null,
        null
      ],
      "/home/ec2-user/environment/Cord-Cutting-Calculator/app/models/user.rb": [
        1,
        null,
        1,
        1,
        null,
        null,
        1,
        1,
        null,
        null,
        1,
        1,
        null,
        null,
        1,
        1,
        null,
        null,
        1,
        1,
        null,
        null,
        1,
        1,
        null,
        1,
        null,
        1,
        0,
        null,
        0,
        null,
        null,
        1,
        0,
        null,
        null,
        1,
        0,
        0,
        null,
        null,
        1,
        0,
        0,
        null,
        null,
        1,
        1,
        null,
        null,
        1,
        0,
        0,
        0,
        null,
        null,
        null,
        null,
        null
      ],
      "/home/ec2-user/environment/Cord-Cutting-Calculator/app/models/provide_channel.rb": [
        1,
        1,
        1,
        null,
        null,
        null,
        null,
        null,
        null,
        null,
        null,
        1,
        3,
        3,
        0,
        null,
        null,
        null,
        null,
        null,
        null,
        null,
        null,
        null,
        1,
        0,
        0,
        null,
        null,
        null,
        null
      ],
      "/home/ec2-user/environment/Cord-Cutting-Calculator/app/models/set_top_box.rb": [
        1,
        null,
        1,
        null,
        null,
        1,
        null,
        null,
        1,
        null
      ],
      "/home/ec2-user/environment/Cord-Cutting-Calculator/app/models/support_box.rb": [
        1,
        1,
        1,
        null,
        1,
        3,
        3,
        0,
        null,
        null,
        null,
        1,
        0,
        0,
        null,
        null,
        null
      ],
      "/home/ec2-user/environment/Cord-Cutting-Calculator/app/models/support_device.rb": [
        1,
        1,
        1,
        null,
        1,
        3,
        3,
        0,
        null,
        null,
        null,
        null,
        1,
        0,
        0,
        null,
        null,
        null,
        null
      ],
      "/home/ec2-user/environment/Cord-Cutting-Calculator/app/controllers/pages_controller.rb": [
        0,
        null,
        0,
        null,
        0,
        null,
        0
      ],
      "/home/ec2-user/environment/Cord-Cutting-Calculator/app/mailers/application_mailer.rb": [
        0,
        0,
        0,
        0
      ],
      "/home/ec2-user/environment/Cord-Cutting-Calculator/app/jobs/application_job.rb": [
        0,
        0
      ],
      "/home/ec2-user/environment/Cord-Cutting-Calculator/app/channels/application_cable/connection.rb": [
        0,
        0,
        0,
        0
      ],
      "/home/ec2-user/environment/Cord-Cutting-Calculator/app/channels/application_cable/channel.rb": [
        0,
        0,
        0,
        0
      ]
    },
    "timestamp": 1556297586
  }
}
